Playing player_a in game ccf50e24-0875-44d9-adc1-43aa9e019fa9
Move 852ee1bf-b600-42b3-af68-b6b3db07991f -> -4,0
Move 374fae59-c0b1-45c9-b9a4-0c8074822477 -> -5,1
Move 0ada6b67-f048-4aa9-b591-cd7d611218f9 -> -4,-1
Deploy scout at -7,0
Deploy scout at -7,-1
End turn 1 (player_a)
Move 852ee1bf-b600-42b3-af68-b6b3db07991f -> -1,-3
Move 374fae59-c0b1-45c9-b9a4-0c8074822477 -> -2,-2
Move 0ada6b67-f048-4aa9-b591-cd7d611218f9 -> 0,-4
Move 72446f1c-6ec9-45d7-8768-3d553be20dc5 -> -2,-3
Move 3f4fd9a4-7a00-43b8-906a-fbe873dee916 -> -2,-4
End turn 2 (player_a)
Move 852ee1bf-b600-42b3-af68-b6b3db07991f -> 0,-3
Move 374fae59-c0b1-45c9-b9a4-0c8074822477 -> 0,-1
Attack 374fae59-c0b1-45c9-b9a4-0c8074822477 -> 63fb0a8b-8d5d-481c-8040-a0f9d7d9afe0
Move 0ada6b67-f048-4aa9-b591-cd7d611218f9 -> 1,-1
Attack 0ada6b67-f048-4aa9-b591-cd7d611218f9 -> 63fb0a8b-8d5d-481c-8040-a0f9d7d9afe0
Move 72446f1c-6ec9-45d7-8768-3d553be20dc5 -> -1,0
Attack 72446f1c-6ec9-45d7-8768-3d553be20dc5 -> 63fb0a8b-8d5d-481c-8040-a0f9d7d9afe0
Move 3f4fd9a4-7a00-43b8-906a-fbe873dee916 -> -1,-1
End turn 3 (player_a)
Attack 0ada6b67-f048-4aa9-b591-cd7d611218f9 -> e66d7baf-5c0c-492e-b517-03273dcf4e17
Move 852ee1bf-b600-42b3-af68-b6b3db07991f -> 2,-2
Attack 852ee1bf-b600-42b3-af68-b6b3db07991f -> e66d7baf-5c0c-492e-b517-03273dcf4e17
Move 374fae59-c0b1-45c9-b9a4-0c8074822477 -> 0,0
Move 0ada6b67-f048-4aa9-b591-cd7d611218f9 -> 0,-1
Move 72446f1c-6ec9-45d7-8768-3d553be20dc5 -> -1,1
Move 3f4fd9a4-7a00-43b8-906a-fbe873dee916 -> -1,0
End turn 4 (player_a)
Attack 0ada6b67-f048-4aa9-b591-cd7d611218f9 -> e66d7baf-5c0c-492e-b517-03273dcf4e17
Attack 374fae59-c0b1-45c9-b9a4-0c8074822477 -> e66d7baf-5c0c-492e-b517-03273dcf4e17
Attack 852ee1bf-b600-42b3-af68-b6b3db07991f -> e66d7baf-5c0c-492e-b517-03273dcf4e17
Move 852ee1bf-b600-42b3-af68-b6b3db07991f -> 4,-1
Move 374fae59-c0b1-45c9-b9a4-0c8074822477 -> 0,1
Move 0ada6b67-f048-4aa9-b591-cd7d611218f9 -> 0,0
Move 72446f1c-6ec9-45d7-8768-3d553be20dc5 -> 0,4
Move 3f4fd9a4-7a00-43b8-906a-fbe873dee916 -> 0,3
End turn 5 (player_a)
Attack 852ee1bf-b600-42b3-af68-b6b3db07991f -> dfcda255-82c8-45f9-ba5e-aca7a4c46ba4
Attack 374fae59-c0b1-45c9-b9a4-0c8074822477 -> 63fb0a8b-8d5d-481c-8040-a0f9d7d9afe0
Move 852ee1bf-b600-42b3-af68-b6b3db07991f -> 5,-1
Move 374fae59-c0b1-45c9-b9a4-0c8074822477 -> 1,1
Move 72446f1c-6ec9-45d7-8768-3d553be20dc5 -> 4,1
Attack 72446f1c-6ec9-45d7-8768-3d553be20dc5 -> 50e4f87c-fb8a-45c9-9e9a-3827add74503
Move 3f4fd9a4-7a00-43b8-906a-fbe873dee916 -> 2,2
Attack 3f4fd9a4-7a00-43b8-906a-fbe873dee916 -> b9cd0094-552b-4771-b99d-6b7f420e81d1
Deploy ranger at 1,0
Attack 60c0ca83-7f4f-410a-b65f-9accfbf4aa80 -> e66d7baf-5c0c-492e-b517-03273dcf4e17
End turn 6 (player_a)
Attack 852ee1bf-b600-42b3-af68-b6b3db07991f -> 50e4f87c-fb8a-45c9-9e9a-3827add74503
Attack 60c0ca83-7f4f-410a-b65f-9accfbf4aa80 -> b9cd0094-552b-4771-b99d-6b7f420e81d1
Attack 3f4fd9a4-7a00-43b8-906a-fbe873dee916 -> 82d0b247-5f25-44cd-86b4-182fa751dce9
Attack 72446f1c-6ec9-45d7-8768-3d553be20dc5 -> 50e4f87c-fb8a-45c9-9e9a-3827add74503
Move 852ee1bf-b600-42b3-af68-b6b3db07991f -> 4,-1
Move 374fae59-c0b1-45c9-b9a4-0c8074822477 -> 3,1
Attack 374fae59-c0b1-45c9-b9a4-0c8074822477 -> b9cd0094-552b-4771-b99d-6b7f420e81d1
Move 72446f1c-6ec9-45d7-8768-3d553be20dc5 -> 5,-1
Move 3f4fd9a4-7a00-43b8-906a-fbe873dee916 -> 4,1
Move 60c0ca83-7f4f-410a-b65f-9accfbf4aa80 -> 3,-1
End turn 7 (player_a)
Attack 60c0ca83-7f4f-410a-b65f-9accfbf4aa80 -> 50e4f87c-fb8a-45c9-9e9a-3827add74503
Attack 852ee1bf-b600-42b3-af68-b6b3db07991f -> dfcda255-82c8-45f9-ba5e-aca7a4c46ba4
Attack 3f4fd9a4-7a00-43b8-906a-fbe873dee916 -> dfcda255-82c8-45f9-ba5e-aca7a4c46ba4
Attack 374fae59-c0b1-45c9-b9a4-0c8074822477 -> b9cd0094-552b-4771-b99d-6b7f420e81d1
Attack 72446f1c-6ec9-45d7-8768-3d553be20dc5 -> dfcda255-82c8-45f9-ba5e-aca7a4c46ba4
Move 852ee1bf-b600-42b3-af68-b6b3db07991f -> 3,0
Move 374fae59-c0b1-45c9-b9a4-0c8074822477 -> 2,2
Move 72446f1c-6ec9-45d7-8768-3d553be20dc5 -> 4,-1
Move 3f4fd9a4-7a00-43b8-906a-fbe873dee916 -> 5,0
End turn 8 (player_a)
Attack 374fae59-c0b1-45c9-b9a4-0c8074822477 -> b9cd0094-552b-4771-b99d-6b7f420e81d1
Attack 852ee1bf-b600-42b3-af68-b6b3db07991f -> b9cd0094-552b-4771-b99d-6b7f420e81d1
Move 852ee1bf-b600-42b3-af68-b6b3db07991f -> 4,0
Move 374fae59-c0b1-45c9-b9a4-0c8074822477 -> 3,1
Move 72446f1c-6ec9-45d7-8768-3d553be20dc5 -> 5,-1
Attack 72446f1c-6ec9-45d7-8768-3d553be20dc5 -> dfcda255-82c8-45f9-ba5e-aca7a4c46ba4
Deploy support at 1,0
Attack 45acc70e-9326-4537-a070-b46d62b0eff1 -> 206fb394-e8e5-4318-8bc0-823973c14415
Deploy support at 1,4
End turn 9 (player_a)
Attack 374fae59-c0b1-45c9-b9a4-0c8074822477 -> 82d0b247-5f25-44cd-86b4-182fa751dce9
Attack 45acc70e-9326-4537-a070-b46d62b0eff1 -> 206fb394-e8e5-4318-8bc0-823973c14415
Attack 72446f1c-6ec9-45d7-8768-3d553be20dc5 -> dfcda255-82c8-45f9-ba5e-aca7a4c46ba4
Move 374fae59-c0b1-45c9-b9a4-0c8074822477 -> 4,0
Move 72446f1c-6ec9-45d7-8768-3d553be20dc5 -> 8,-1
Move 45acc70e-9326-4537-a070-b46d62b0eff1 -> 4,-1
Move d1275e62-eef1-470b-b391-67bc976b9b19 -> 4,4
Deploy ranger at 5,-1
Attack 34dde664-11bd-4880-8c05-ffbfb0339ae2 -> dfcda255-82c8-45f9-ba5e-aca7a4c46ba4
End turn 10 (player_a)
Heal 45acc70e-9326-4537-a070-b46d62b0eff1 -> 34dde664-11bd-4880-8c05-ffbfb0339ae2
Attack 72446f1c-6ec9-45d7-8768-3d553be20dc5 -> 7a987eef-c591-447b-a240-fcd4a29c3557
Attack 34dde664-11bd-4880-8c05-ffbfb0339ae2 -> dfcda255-82c8-45f9-ba5e-aca7a4c46ba4
Move 72446f1c-6ec9-45d7-8768-3d553be20dc5 -> 7,0
Move 45acc70e-9326-4537-a070-b46d62b0eff1 -> 7,-2
Move d1275e62-eef1-470b-b391-67bc976b9b19 -> 7,1
Attack d1275e62-eef1-470b-b391-67bc976b9b19 -> 7a987eef-c591-447b-a240-fcd4a29c3557
Move 34dde664-11bd-4880-8c05-ffbfb0339ae2 -> 4,0
Deploy ranger at 5,-1
Attack d4aa4abb-95d5-4a85-a3fd-9dc0d65e8f72 -> 82d0b247-5f25-44cd-86b4-182fa751dce9
End turn 11 (player_a)
Attack 34dde664-11bd-4880-8c05-ffbfb0339ae2 -> 82d0b247-5f25-44cd-86b4-182fa751dce9
Attack d4aa4abb-95d5-4a85-a3fd-9dc0d65e8f72 -> 82d0b247-5f25-44cd-86b4-182fa751dce9
Attack d1275e62-eef1-470b-b391-67bc976b9b19 -> 7a987eef-c591-447b-a240-fcd4a29c3557
Attack 72446f1c-6ec9-45d7-8768-3d553be20dc5 -> 7a987eef-c591-447b-a240-fcd4a29c3557
Move 72446f1c-6ec9-45d7-8768-3d553be20dc5 -> 8,-1
Move 45acc70e-9326-4537-a070-b46d62b0eff1 -> 7,0
Attack 45acc70e-9326-4537-a070-b46d62b0eff1 -> 7a987eef-c591-447b-a240-fcd4a29c3557
Move 34dde664-11bd-4880-8c05-ffbfb0339ae2 -> 4,-1
Move d4aa4abb-95d5-4a85-a3fd-9dc0d65e8f72 -> 4,-2
End turn 12 (player_a)
Attack 34dde664-11bd-4880-8c05-ffbfb0339ae2 -> 206fb394-e8e5-4318-8bc0-823973c14415
Attack 45acc70e-9326-4537-a070-b46d62b0eff1 -> 7a987eef-c591-447b-a240-fcd4a29c3557
Attack 72446f1c-6ec9-45d7-8768-3d553be20dc5 -> 7a987eef-c591-447b-a240-fcd4a29c3557
Attack d4aa4abb-95d5-4a85-a3fd-9dc0d65e8f72 -> 206fb394-e8e5-4318-8bc0-823973c14415
Attack d1275e62-eef1-470b-b391-67bc976b9b19 -> 7a987eef-c591-447b-a240-fcd4a29c3557
Move 72446f1c-6ec9-45d7-8768-3d553be20dc5 -> 5,-1
Move d4aa4abb-95d5-4a85-a3fd-9dc0d65e8f72 -> 3,-1
End turn 13 (player_a)
Attack 45acc70e-9326-4537-a070-b46d62b0eff1 -> 7a987eef-c591-447b-a240-fcd4a29c3557
Attack 72446f1c-6ec9-45d7-8768-3d553be20dc5 -> a1fdbc54-aaa7-4fb7-a257-28c12ea12445
Attack d4aa4abb-95d5-4a85-a3fd-9dc0d65e8f72 -> 206fb394-e8e5-4318-8bc0-823973c14415
Attack d1275e62-eef1-470b-b391-67bc976b9b19 -> 7a987eef-c591-447b-a240-fcd4a29c3557
Move 72446f1c-6ec9-45d7-8768-3d553be20dc5 -> 4,0
Deploy ranger at 1,0
Attack b99813d4-a1b9-4ca8-b376-e787e07ef4bf -> a1fdbc54-aaa7-4fb7-a257-28c12ea12445
End turn 14 (player_a)
Attack 45acc70e-9326-4537-a070-b46d62b0eff1 -> 7a987eef-c591-447b-a240-fcd4a29c3557
Attack d4aa4abb-95d5-4a85-a3fd-9dc0d65e8f72 -> a1fdbc54-aaa7-4fb7-a257-28c12ea12445
Attack d1275e62-eef1-470b-b391-67bc976b9b19 -> 7a987eef-c591-447b-a240-fcd4a29c3557
Attack b99813d4-a1b9-4ca8-b376-e787e07ef4bf -> a1fdbc54-aaa7-4fb7-a257-28c12ea12445
Move d4aa4abb-95d5-4a85-a3fd-9dc0d65e8f72 -> 5,-1
Move b99813d4-a1b9-4ca8-b376-e787e07ef4bf -> 3,-1
Deploy ranger at 1,0
End turn 15 (player_a)
Attack d4aa4abb-95d5-4a85-a3fd-9dc0d65e8f72 -> 7ea660d6-5f9f-44b1-9d61-14887f2f7bd8
Attack d1275e62-eef1-470b-b391-67bc976b9b19 -> 7a987eef-c591-447b-a240-fcd4a29c3557
Attack b99813d4-a1b9-4ca8-b376-e787e07ef4bf -> 7ea660d6-5f9f-44b1-9d61-14887f2f7bd8
Attack 3cffd2e0-6687-4214-82b7-0f76f5e1896c -> 7ea660d6-5f9f-44b1-9d61-14887f2f7bd8
Move b99813d4-a1b9-4ca8-b376-e787e07ef4bf -> 4,-1
Move 3cffd2e0-6687-4214-82b7-0f76f5e1896c -> 3,-1
Deploy ranger at 1,0
Attack 29a84415-8094-4c6a-92c6-ddc975a6834a -> 7ea660d6-5f9f-44b1-9d61-14887f2f7bd8
Move d4aa4abb-95d5-4a85-a3fd-9dc0d65e8f72 -> 7,-1
End turn 16 (player_a)
Attack d4aa4abb-95d5-4a85-a3fd-9dc0d65e8f72 -> 7a987eef-c591-447b-a240-fcd4a29c3557
Attack d1275e62-eef1-470b-b391-67bc976b9b19 -> 7a987eef-c591-447b-a240-fcd4a29c3557
Attack b99813d4-a1b9-4ca8-b376-e787e07ef4bf -> 1e8ac56f-16ee-42d0-994d-648ecd6f02b8
Move b99813d4-a1b9-4ca8-b376-e787e07ef4bf -> 6,-1
Move 3cffd2e0-6687-4214-82b7-0f76f5e1896c -> 5,-1
Attack 3cffd2e0-6687-4214-82b7-0f76f5e1896c -> 1e8ac56f-16ee-42d0-994d-648ecd6f02b8
Move 29a84415-8094-4c6a-92c6-ddc975a6834a -> 3,-1
End turn 17 (player_a)
Attack d1275e62-eef1-470b-b391-67bc976b9b19 -> 7a987eef-c591-447b-a240-fcd4a29c3557
Attack b99813d4-a1b9-4ca8-b376-e787e07ef4bf -> 7a987eef-c591-447b-a240-fcd4a29c3557
Attack 3cffd2e0-6687-4214-82b7-0f76f5e1896c -> 1e8ac56f-16ee-42d0-994d-648ecd6f02b8
Move 3cffd2e0-6687-4214-82b7-0f76f5e1896c -> 7,-2
Move 29a84415-8094-4c6a-92c6-ddc975a6834a -> 5,-1
Attack 29a84415-8094-4c6a-92c6-ddc975a6834a -> c1f73872-838b-40d8-a225-9635d1eac075
Deploy ranger at 1,0
End turn 18 (player_a)
Attack d1275e62-eef1-470b-b391-67bc976b9b19 -> 7a987eef-c591-447b-a240-fcd4a29c3557
Attack 3cffd2e0-6687-4214-82b7-0f76f5e1896c -> 7a987eef-c591-447b-a240-fcd4a29c3557
Attack 29a84415-8094-4c6a-92c6-ddc975a6834a -> c1f73872-838b-40d8-a225-9635d1eac075
Move 3cffd2e0-6687-4214-82b7-0f76f5e1896c -> 8,-1
Move 29a84415-8094-4c6a-92c6-ddc975a6834a -> 6,0
Move bc37ee15-b7f0-4700-8e67-8dd0a3c39ba4 -> 3,-1
Deploy ranger at 1,0
End turn 19 (player_a)
Attack d1275e62-eef1-470b-b391-67bc976b9b19 -> 7a987eef-c591-447b-a240-fcd4a29c3557
Attack 29a84415-8094-4c6a-92c6-ddc975a6834a -> 7a987eef-c591-447b-a240-fcd4a29c3557
Attack 3cffd2e0-6687-4214-82b7-0f76f5e1896c -> 7a987eef-c591-447b-a240-fcd4a29c3557
Attack bc37ee15-b7f0-4700-8e67-8dd0a3c39ba4 -> 0d4ebbfc-7506-4a39-83c5-8167fc447d68
Attack 3f4e6f1b-d80a-4ed0-9da9-a6dd4c5efea4 -> 83824879-7d06-4201-b2ad-2606881e3792
Move bc37ee15-b7f0-4700-8e67-8dd0a3c39ba4 -> 4,0
Move 3f4e6f1b-d80a-4ed0-9da9-a6dd4c5efea4 -> 3,-1
End turn 20 (player_a)
Attack d1275e62-eef1-470b-b391-67bc976b9b19 -> 7a987eef-c591-447b-a240-fcd4a29c3557
Attack 29a84415-8094-4c6a-92c6-ddc975a6834a -> 7a987eef-c591-447b-a240-fcd4a29c3557
Game over. Winner: player_a
