Playing player_b in game d0f6b616-b8eb-4b8d-a14a-a8ad51669f85
Move ab1ecf03-a9c8-4238-a704-30c7a8b4bf5c -> 4,0
Move c731e30c-d858-4d75-9c93-c7893fb9187b -> 5,-1
Move 05704058-fca0-494e-aa9f-f06f8abc8ae2 -> 5,0
Deploy scout at 7,0
Deploy scout at 8,-1
End turn 1 (player_b)
Move ab1ecf03-a9c8-4238-a704-30c7a8b4bf5c -> 2,-1
Move c731e30c-d858-4d75-9c93-c7893fb9187b -> 3,-1
Move 05704058-fca0-494e-aa9f-f06f8abc8ae2 -> 1,0
Move d2480deb-4e84-4c3f-9553-6b87f6b171f6 -> 3,0
Move bf181b5a-1f30-4d9a-b49d-4f996f9ca3e4 -> 4,-1
End turn 2 (player_b)
Attack 05704058-fca0-494e-aa9f-f06f8abc8ae2 -> 3d6591e5-3cc8-4dff-8c23-b2ff480a3a62
Attack ab1ecf03-a9c8-4238-a704-30c7a8b4bf5c -> ebcfc793-c1c7-488a-8d16-12c871c9f649
Move ab1ecf03-a9c8-4238-a704-30c7a8b4bf5c -> 1,-1
Move c731e30c-d858-4d75-9c93-c7893fb9187b -> 2,-1
Attack c731e30c-d858-4d75-9c93-c7893fb9187b -> ebcfc793-c1c7-488a-8d16-12c871c9f649
Move 05704058-fca0-494e-aa9f-f06f8abc8ae2 -> 0,1
Move d2480deb-4e84-4c3f-9553-6b87f6b171f6 -> 1,0
Attack d2480deb-4e84-4c3f-9553-6b87f6b171f6 -> 3d6591e5-3cc8-4dff-8c23-b2ff480a3a62
Move bf181b5a-1f30-4d9a-b49d-4f996f9ca3e4 -> 1,1
End turn 3 (player_b)
Attack ab1ecf03-a9c8-4238-a704-30c7a8b4bf5c -> ebcfc793-c1c7-488a-8d16-12c871c9f649
Attack 05704058-fca0-494e-aa9f-f06f8abc8ae2 -> 3d6591e5-3cc8-4dff-8c23-b2ff480a3a62
Attack d2480deb-4e84-4c3f-9553-6b87f6b171f6 -> 3d6591e5-3cc8-4dff-8c23-b2ff480a3a62
Move ab1ecf03-a9c8-4238-a704-30c7a8b4bf5c -> 0,-1
Move c731e30c-d858-4d75-9c93-c7893fb9187b -> 1,-1
Attack c731e30c-d858-4d75-9c93-c7893fb9187b -> 3d6591e5-3cc8-4dff-8c23-b2ff480a3a62
Move 05704058-fca0-494e-aa9f-f06f8abc8ae2 -> -1,1
Move d2480deb-4e84-4c3f-9553-6b87f6b171f6 -> 0,1
Move bf181b5a-1f30-4d9a-b49d-4f996f9ca3e4 -> 1,0
Attack bf181b5a-1f30-4d9a-b49d-4f996f9ca3e4 -> 3d6591e5-3cc8-4dff-8c23-b2ff480a3a62
End turn 4 (player_b)
Attack ab1ecf03-a9c8-4238-a704-30c7a8b4bf5c -> 3d6591e5-3cc8-4dff-8c23-b2ff480a3a62
Attack 05704058-fca0-494e-aa9f-f06f8abc8ae2 -> 3d6591e5-3cc8-4dff-8c23-b2ff480a3a62
Attack d2480deb-4e84-4c3f-9553-6b87f6b171f6 -> 3d6591e5-3cc8-4dff-8c23-b2ff480a3a62
Move ab1ecf03-a9c8-4238-a704-30c7a8b4bf5c -> 0,0
Move c731e30c-d858-4d75-9c93-c7893fb9187b -> 0,-1
Attack c731e30c-d858-4d75-9c93-c7893fb9187b -> e4506070-1e10-48ef-98ec-2148ee10d695
Move 05704058-fca0-494e-aa9f-f06f8abc8ae2 -> -2,1
Move d2480deb-4e84-4c3f-9553-6b87f6b171f6 -> -1,1
Move bf181b5a-1f30-4d9a-b49d-4f996f9ca3e4 -> 1,-1
End turn 5 (player_b)
Attack ab1ecf03-a9c8-4238-a704-30c7a8b4bf5c -> e4506070-1e10-48ef-98ec-2148ee10d695
Attack 05704058-fca0-494e-aa9f-f06f8abc8ae2 -> e4506070-1e10-48ef-98ec-2148ee10d695
Attack d2480deb-4e84-4c3f-9553-6b87f6b171f6 -> e4506070-1e10-48ef-98ec-2148ee10d695
Attack c731e30c-d858-4d75-9c93-c7893fb9187b -> e4506070-1e10-48ef-98ec-2148ee10d695
Move ab1ecf03-a9c8-4238-a704-30c7a8b4bf5c -> 1,0
Move c731e30c-d858-4d75-9c93-c7893fb9187b -> -2,-2
Move 05704058-fca0-494e-aa9f-f06f8abc8ae2 -> -4,1
Move d2480deb-4e84-4c3f-9553-6b87f6b171f6 -> -3,-1
Move bf181b5a-1f30-4d9a-b49d-4f996f9ca3e4 -> 0,-4
End turn 6 (player_b)
Attack ab1ecf03-a9c8-4238-a704-30c7a8b4bf5c -> e4506070-1e10-48ef-98ec-2148ee10d695
Attack 05704058-fca0-494e-aa9f-f06f8abc8ae2 -> e986391d-d2c4-48b2-af1e-1ad7a0c63f38
Attack d2480deb-4e84-4c3f-9553-6b87f6b171f6 -> e986391d-d2c4-48b2-af1e-1ad7a0c63f38
Move ab1ecf03-a9c8-4238-a704-30c7a8b4bf5c -> 1,-1
Move c731e30c-d858-4d75-9c93-c7893fb9187b -> -4,-1
Attack c731e30c-d858-4d75-9c93-c7893fb9187b -> e986391d-d2c4-48b2-af1e-1ad7a0c63f38
Move 05704058-fca0-494e-aa9f-f06f8abc8ae2 -> -5,1
Move d2480deb-4e84-4c3f-9553-6b87f6b171f6 -> -2,-1
Move bf181b5a-1f30-4d9a-b49d-4f996f9ca3e4 -> -3,-1
Attack bf181b5a-1f30-4d9a-b49d-4f996f9ca3e4 -> e986391d-d2c4-48b2-af1e-1ad7a0c63f38
End turn 7 (player_b)
Attack 05704058-fca0-494e-aa9f-f06f8abc8ae2 -> e986391d-d2c4-48b2-af1e-1ad7a0c63f38
Attack d2480deb-4e84-4c3f-9553-6b87f6b171f6 -> 1b0c66e1-6e6a-4ed4-805a-8a700ebcb410
Attack c731e30c-d858-4d75-9c93-c7893fb9187b -> 1f2a7bb8-add3-4d80-b0ad-b0dcee3d494e
Attack bf181b5a-1f30-4d9a-b49d-4f996f9ca3e4 -> 1b0c66e1-6e6a-4ed4-805a-8a700ebcb410
Move c731e30c-d858-4d75-9c93-c7893fb9187b -> -4,0
Move 05704058-fca0-494e-aa9f-f06f8abc8ae2 -> -4,1
Move d2480deb-4e84-4c3f-9553-6b87f6b171f6 -> -4,-1
Move bf181b5a-1f30-4d9a-b49d-4f996f9ca3e4 -> -2,-1
Deploy ranger at -1,-4
End turn 8 (player_b)
Attack c731e30c-d858-4d75-9c93-c7893fb9187b -> 1b0c66e1-6e6a-4ed4-805a-8a700ebcb410
Attack 05704058-fca0-494e-aa9f-f06f8abc8ae2 -> 1b0c66e1-6e6a-4ed4-805a-8a700ebcb410
Attack d2480deb-4e84-4c3f-9553-6b87f6b171f6 -> 1f2a7bb8-add3-4d80-b0ad-b0dcee3d494e
Attack bf181b5a-1f30-4d9a-b49d-4f996f9ca3e4 -> 1b0c66e1-6e6a-4ed4-805a-8a700ebcb410
Move c731e30c-d858-4d75-9c93-c7893fb9187b -> -3,-1
Move 05704058-fca0-494e-aa9f-f06f8abc8ae2 -> 0,0
Move d2480deb-4e84-4c3f-9553-6b87f6b171f6 -> -1,1
Move bf181b5a-1f30-4d9a-b49d-4f996f9ca3e4 -> 0,-1
Move c4db98cf-3125-49c9-858c-ecd742712f33 -> 1,-4
End turn 9 (player_b)
Attack c731e30c-d858-4d75-9c93-c7893fb9187b -> 1b0c66e1-6e6a-4ed4-805a-8a700ebcb410
Attack 05704058-fca0-494e-aa9f-f06f8abc8ae2 -> e4506070-1e10-48ef-98ec-2148ee10d695
Move c731e30c-d858-4d75-9c93-c7893fb9187b -> -4,-1
Move 05704058-fca0-494e-aa9f-f06f8abc8ae2 -> -3,-1
Move d2480deb-4e84-4c3f-9553-6b87f6b171f6 -> -4,1
Attack d2480deb-4e84-4c3f-9553-6b87f6b171f6 -> 1b0c66e1-6e6a-4ed4-805a-8a700ebcb410
Move bf181b5a-1f30-4d9a-b49d-4f996f9ca3e4 -> -2,-1
Attack bf181b5a-1f30-4d9a-b49d-4f996f9ca3e4 -> 1b0c66e1-6e6a-4ed4-805a-8a700ebcb410
Move c4db98cf-3125-49c9-858c-ecd742712f33 -> -1,-4
End turn 10 (player_b)
Attack d2480deb-4e84-4c3f-9553-6b87f6b171f6 -> 4a935e9d-5a1c-45e4-905b-86b5df46a03b
Attack c4db98cf-3125-49c9-858c-ecd742712f33 -> bb298cc0-06b0-46b0-8df8-1531eddea3a6
Move d2480deb-4e84-4c3f-9553-6b87f6b171f6 -> -3,0
Move bf181b5a-1f30-4d9a-b49d-4f996f9ca3e4 -> -3,-1
Attack bf181b5a-1f30-4d9a-b49d-4f996f9ca3e4 -> 4a935e9d-5a1c-45e4-905b-86b5df46a03b
Move c4db98cf-3125-49c9-858c-ecd742712f33 -> -3,-4
Deploy ranger at -1,-4
Attack 2520c3b1-fce6-4b20-8cce-fc09e6652f54 -> bb298cc0-06b0-46b0-8df8-1531eddea3a6
Deploy ranger at -1,-3
Attack 694d8d9a-9250-434b-b869-ee3fb53d16d2 -> 4a935e9d-5a1c-45e4-905b-86b5df46a03b
End turn 11 (player_b)
Attack d2480deb-4e84-4c3f-9553-6b87f6b171f6 -> 1f2a7bb8-add3-4d80-b0ad-b0dcee3d494e
Attack 694d8d9a-9250-434b-b869-ee3fb53d16d2 -> 1f2a7bb8-add3-4d80-b0ad-b0dcee3d494e
Attack bf181b5a-1f30-4d9a-b49d-4f996f9ca3e4 -> 1f2a7bb8-add3-4d80-b0ad-b0dcee3d494e
Move d2480deb-4e84-4c3f-9553-6b87f6b171f6 -> -4,1
Move bf181b5a-1f30-4d9a-b49d-4f996f9ca3e4 -> -4,-1
Move c4db98cf-3125-49c9-858c-ecd742712f33 -> -4,-2
Attack c4db98cf-3125-49c9-858c-ecd742712f33 -> 17e7c2ad-175e-4ed0-8f9c-7c7c2107e778
Move 2520c3b1-fce6-4b20-8cce-fc09e6652f54 -> -3,-2
Attack 2520c3b1-fce6-4b20-8cce-fc09e6652f54 -> 17e7c2ad-175e-4ed0-8f9c-7c7c2107e778
Move 694d8d9a-9250-434b-b869-ee3fb53d16d2 -> -3,-1
End turn 12 (player_b)
Attack d2480deb-4e84-4c3f-9553-6b87f6b171f6 -> 1f2a7bb8-add3-4d80-b0ad-b0dcee3d494e
Attack c4db98cf-3125-49c9-858c-ecd742712f33 -> 17e7c2ad-175e-4ed0-8f9c-7c7c2107e778
Attack 2520c3b1-fce6-4b20-8cce-fc09e6652f54 -> 212d5c39-f371-4f10-acfc-cf5d4c5e7d53
Attack 694d8d9a-9250-434b-b869-ee3fb53d16d2 -> 212d5c39-f371-4f10-acfc-cf5d4c5e7d53
Attack bf181b5a-1f30-4d9a-b49d-4f996f9ca3e4 -> 1f2a7bb8-add3-4d80-b0ad-b0dcee3d494e
Move d2480deb-4e84-4c3f-9553-6b87f6b171f6 -> -3,0
Move bf181b5a-1f30-4d9a-b49d-4f996f9ca3e4 -> -5,0
Move c4db98cf-3125-49c9-858c-ecd742712f33 -> -5,-1
Move 2520c3b1-fce6-4b20-8cce-fc09e6652f54 -> -4,-2
Move 694d8d9a-9250-434b-b869-ee3fb53d16d2 -> -4,-1
End turn 13 (player_b)
Attack bf181b5a-1f30-4d9a-b49d-4f996f9ca3e4 -> 212d5c39-f371-4f10-acfc-cf5d4c5e7d53
Attack c4db98cf-3125-49c9-858c-ecd742712f33 -> 96930f0e-e79a-495b-9757-3a080693b96a
Attack 2520c3b1-fce6-4b20-8cce-fc09e6652f54 -> 1f2a7bb8-add3-4d80-b0ad-b0dcee3d494e
Attack 694d8d9a-9250-434b-b869-ee3fb53d16d2 -> 1f2a7bb8-add3-4d80-b0ad-b0dcee3d494e
Move bf181b5a-1f30-4d9a-b49d-4f996f9ca3e4 -> -5,1
Move c4db98cf-3125-49c9-858c-ecd742712f33 -> -5,0
Move 2520c3b1-fce6-4b20-8cce-fc09e6652f54 -> -3,-1
Deploy ranger at -1,-4
End turn 14 (player_b)
Attack bf181b5a-1f30-4d9a-b49d-4f996f9ca3e4 -> 1f2a7bb8-add3-4d80-b0ad-b0dcee3d494e
Attack c4db98cf-3125-49c9-858c-ecd742712f33 -> 96930f0e-e79a-495b-9757-3a080693b96a
Attack 2520c3b1-fce6-4b20-8cce-fc09e6652f54 -> 1f2a7bb8-add3-4d80-b0ad-b0dcee3d494e
Attack 694d8d9a-9250-434b-b869-ee3fb53d16d2 -> 1f2a7bb8-add3-4d80-b0ad-b0dcee3d494e
Move bf181b5a-1f30-4d9a-b49d-4f996f9ca3e4 -> -4,0
Move 2520c3b1-fce6-4b20-8cce-fc09e6652f54 -> -4,-2
Move 694d8d9a-9250-434b-b869-ee3fb53d16d2 -> -5,-1
Move 7aabd3d3-f5aa-4c32-93b1-820eded9699d -> -3,-3
Attack 7aabd3d3-f5aa-4c32-93b1-820eded9699d -> 4e4f7075-44c3-42f0-96bb-20556cd98b8e
End turn 15 (player_b)
Attack c4db98cf-3125-49c9-858c-ecd742712f33 -> 96930f0e-e79a-495b-9757-3a080693b96a
Attack 694d8d9a-9250-434b-b869-ee3fb53d16d2 -> 96930f0e-e79a-495b-9757-3a080693b96a
Attack 2520c3b1-fce6-4b20-8cce-fc09e6652f54 -> 4e4f7075-44c3-42f0-96bb-20556cd98b8e
Attack 7aabd3d3-f5aa-4c32-93b1-820eded9699d -> 4e4f7075-44c3-42f0-96bb-20556cd98b8e
Move bf181b5a-1f30-4d9a-b49d-4f996f9ca3e4 -> 0,1
Move c4db98cf-3125-49c9-858c-ecd742712f33 -> -6,0
Move 7aabd3d3-f5aa-4c32-93b1-820eded9699d -> -4,-3
End turn 16 (player_b)
Attack 694d8d9a-9250-434b-b869-ee3fb53d16d2 -> 96930f0e-e79a-495b-9757-3a080693b96a
Attack 2520c3b1-fce6-4b20-8cce-fc09e6652f54 -> 53631e4e-e7f0-4388-83fb-a1466f394ccf
Attack 7aabd3d3-f5aa-4c32-93b1-820eded9699d -> 53631e4e-e7f0-4388-83fb-a1466f394ccf
Move bf181b5a-1f30-4d9a-b49d-4f996f9ca3e4 -> 0,4
Move 7aabd3d3-f5aa-4c32-93b1-820eded9699d -> -6,-2
Deploy ranger at -5,0
Attack 7404bd7c-9aff-4fe6-9bf2-135b8ea559e8 -> 96930f0e-e79a-495b-9757-3a080693b96a
End turn 17 (player_b)
Attack 694d8d9a-9250-434b-b869-ee3fb53d16d2 -> 96930f0e-e79a-495b-9757-3a080693b96a
Attack 2520c3b1-fce6-4b20-8cce-fc09e6652f54 -> 53631e4e-e7f0-4388-83fb-a1466f394ccf
Attack 7aabd3d3-f5aa-4c32-93b1-820eded9699d -> 96930f0e-e79a-495b-9757-3a080693b96a
Game over. Winner: player_b
