=== My turn 1 (B) supplies 90 actions 0 ===
  move infantry to 4 0 (HQd 12)
    move fail invalid_move
  move infantry to 4 -1 (HQd 12)
    move fail invalid_move
    move fail invalid_move
  move scout to 3 0 (HQd 11)
    move fail invalid_move
    move fail invalid_move
    move fail invalid_move
  deploy heavy at 8 -1 from 23c32b
    move fail invalid_move
    move fail invalid_move
    move fail invalid_move
    move fail invalid_move
  end-turn (no actions)
=== My turn 2 (B) supplies 25 actions 0 ===
  move scout to 0 0 (HQd 8)
    move fail invalid_move
  move infantry to 2 -1 (HQd 10)
    move fail invalid_move
    move fail invalid_move
  move infantry to 2 -2 (HQd 10)
    move fail invalid_move
    move fail invalid_move
    move fail invalid_move
  move heavy to 6 -1 (HQd 14)
    move fail invalid_move
    move fail invalid_move
    move fail invalid_move
    move fail invalid_move
  end-turn (no actions)
=== My turn 3 (B) supplies 65 actions 0 ===
  attack scout -> infantry 100
  move infantry to -1 -1 (HQd 7)
  attack infantry -> infantry 93
  move infantry to 0 -1 (HQd 8)
  attack infantry -> infantry 75
  move heavy to 4 -1 (HQd 12)
    move fail invalid_move
  deploy support at 1 0 from cp_c
  end-turn (action limit)
=== My turn 4 (B) supplies 45 actions 0 ===
  attack infantry -> infantry 58
  attack infantry -> infantry 38
  attack scout -> infantry 19
  heal scout 25 ->
  move heavy to 2 -1 (HQd 10)
  end-turn (action limit)
=== My turn 5 (B) supplies 85 actions 0 ===
  attack infantry -> infantry 8
  heal scout 36 ->
  move infantry to -3 1 (HQd 6)
  attack infantry -> scout 70
  move scout to -5 2 (HQd 5)
  attack scout -> infantry 100
  move heavy to 0 -1 (HQd 8)
  end-turn (action limit)
=== My turn 6 (B) supplies 125 actions 0 ===
  attack infantry -> scout 46
  attack scout -> infantry 87
  attack infantry -> infantry 100
  move heavy to -1 0 (HQd 7)
    move fail invalid_move
  deploy heavy at 1 -1 from cp_c
  end-turn (action limit)
=== My turn 7 (B) supplies 75 actions 0 ===
  attack infantry -> scout 19
  attack infantry -> infantry 77
  move heavy to -2 1 (HQd 7)
    move fail invalid_move
  move heavy to -1 0 (HQd 7)
    move fail invalid_move
    move fail invalid_move
  deploy ranger at 1 -1 from cp_c
  end-turn (action limit)
=== My turn 8 (B) supplies 40 actions 0 ===
  attack ranger -> infantry 55
  attack infantry -> scout 70
  move heavy to -3 2 (HQd 7)
  attack heavy -> infantry 100
  move heavy to -1 -1 (HQd 7)
  attack heavy -> infantry 19
  deploy scout at 0 -1 from cp_c
  end-turn (action limit)
=== My turn 9 (B) supplies 40 actions 0 ===
  attack ranger -> scout 43
  attack heavy -> scout 6
  attack heavy -> infantry 70
  move scout to -4 0 (HQd 4)
  attack scout -> infantry 75
  deploy scout at 0 -1 from cp_c
  end-turn (action limit)
=== My turn 10 (B) supplies 55 actions 0 ===
  attack heavy -> infantry 45
  attack scout -> infantry 67
  move heavy to -3 -1 (HQd 5)
    move fail invalid_move
  move scout to 0 -4 (HQd 8)
    move fail invalid_move
    move fail invalid_move
  move ranger to -1 -1 (HQd 7)
  end-turn (action limit)
=== My turn 11 (B) supplies 125 actions 0 ===
  attack ranger -> infantry 16
  attack scout -> infantry 60
  move heavy to -5 -1 (HQd 3)
  attack heavy -> scout 70
  move heavy to -3 0 (HQd 5)
  attack heavy -> infantry 48
  move scout to -5 -3 (HQd 3)
  end-turn (action limit)
=== My turn 12 (B) supplies 195 actions 0 ===
  attack ranger -> infantry 21
  attack heavy -> scout 38
  move scout to -7 -1 (HQd 1)
  ATTACK HQ scout dmg
  move heavy to -4 0 (HQd 4)
  attack heavy -> scout 4
  deploy heavy at -3 0 from cp_a
  end-turn (action limit)
=== My turn 13 (B) supplies 175 actions 0 ===
  ATTACK HQ scout dmg
  move heavy to -7 0 (HQd 1)
  ATTACK HQ heavy dmg
  move heavy to -6 0 (HQd 2)
    move fail invalid_move
  move heavy to -5 0 (HQd 3)
    move fail invalid_move
    move fail invalid_move
  move ranger to -3 -1 (HQd 5)
  end-turn (action limit)
=== My turn 14 (B) supplies 245 actions 0 ===
  ATTACK HQ heavy dmg
  ATTACK HQ scout dmg
  move heavy to -6 -1 (HQd 2)
    move fail invalid_move
  move heavy to -6 0 (HQd 2)
    move fail invalid_move
    move fail invalid_move
  move ranger to -5 -1 (HQd 3)
  end-turn (action limit)
=== My turn 15 (B) supplies 315 actions 0 ===
  ATTACK HQ heavy dmg
  ATTACK HQ ranger dmg
  ATTACK HQ scout dmg
  move heavy to -6 -2 (HQd 2)
    move fail invalid_move
  move heavy to -6 -1 (HQd 2)
  end-turn (action limit)
=== My turn 16 (B) supplies 385 actions 0 ===
  ATTACK HQ heavy dmg
  ATTACK HQ ranger dmg
  ATTACK HQ scout dmg
  move heavy to -5 -3 (HQd 3)
  move heavy to -6 -2 (HQd 2)
  end-turn (action limit)
=== My turn 17 (B) supplies 455 actions 0 ===
  ATTACK HQ heavy dmg
GAME OVER. Winner: player_b
Final: A HQ 0 | B HQ 240 | winner player_b
A alive: 1 | B alive: 6
